<?xml version="1.0" encoding="UTF-8"?>
<testsuite xmlns:xsi="http://www.w3.org/2001/XMLSchema-instance" xsi:noNamespaceSchemaLocation="https://maven.apache.org/surefire/maven-surefire-plugin/xsd/surefire-test-report.xsd" name="com.staxrt.tutorial.TestRunnerSuite" time="19.667" tests="6" errors="0" skipped="0" failures="0">
  <properties>
[...]
</properties>
  <testcase name="testPutUsers" classname="com.staxrt.tutorial.ApplicationTests" time="0.779"/>
  <testcase name="testGetAllUsers" classname="com.staxrt.tutorial.ApplicationTests" time="0.224"/>
  <testcase name="testCreateUser" classname="com.staxrt.tutorial.ApplicationTests" time="0.05"/>
  <testcase name="testDeletePost" classname="com.staxrt.tutorial.ApplicationTests" time="0.104"/>
  <testcase name="testGetUserById" classname="com.staxrt.tutorial.ApplicationTests" time="0.069"/>
  <testcase name="testGetUserByIdNotFound" classname="com.staxrt.tutorial.ApplicationTests" time="0.018"/>
</testsuite>